Arguments: 
  /usr/local/bin/node /usr/local/bin/yarn add tsyringe reflect-metdata

PATH: 
  /opt/homebrew/bin:/opt/homebrew/sbin:/Library/Frameworks/Python.framework/Versions/3.8/bin:/Library/Frameworks/Python.framework/Versions/3.11/bin:/usr/local/bin:/usr/bin:/bin:/usr/sbin:/sbin:/Applications/Postgres.app/Contents/Versions/latest/bin:/opt/homebrew/bin:/opt/homebrew/sbin:/Library/Frameworks/Python.framework/Versions/3.8/bin:/Library/Frameworks/Python.framework/Versions/3.11/bin

Yarn version: 
  1.22.19

Node version: 
  18.14.0

Platform: 
  darwin arm64

Trace: 
  Error: https://registry.yarnpkg.com/reflect-metdata: Not found
      at params.callback [as _callback] (/usr/local/lib/node_modules/yarn/lib/cli.js:66145:18)
      at self.callback (/usr/local/lib/node_modules/yarn/lib/cli.js:140890:22)
      at Request.emit (node:events:513:28)
      at Request.<anonymous> (/usr/local/lib/node_modules/yarn/lib/cli.js:141862:10)
      at Request.emit (node:events:513:28)
      at IncomingMessage.<anonymous> (/usr/local/lib/node_modules/yarn/lib/cli.js:141784:12)
      at Object.onceWrapper (node:events:627:28)
      at IncomingMessage.emit (node:events:525:35)
      at endReadableNT (node:internal/streams/readable:1359:12)
      at process.processTicksAndRejections (node:internal/process/task_queues:82:21)

npm manifest: 
  {
    "name": "user-service",
    "version": "1.0.0",
    "description": "<!-- title: 'AWS NodeJS Example' description: 'This template demonstrates how to deploy a NodeJS function running on AWS Lambda using the traditional Serverless Framework.' layout: Doc framework: v3 platform: AWS language: nodeJS priority: 1 authorLink: 'https://github.com/serverless' authorName: 'Serverless, inc.' authorAvatar: 'https://avatars1.githubusercontent.com/u/13742415?s=200&v=4' -->",
    "main": "index.js",
    "scripts": {
      "dev": "serverless offline"
    },
    "keywords": [],
    "author": "",
    "license": "ISC",
    "devDependencies": {
      "serverless-offline": "^12.0.4",
      "serverless-plugin-typescript": "^2.1.4"
    },
    "dependencies": {
      "@middy/core": "^4.4.2",
      "@middy/http-json-body-parser": "^4.4.2",
      "@types/aws-lambda": "^8.10.115",
      "aws-lambda": "^1.0.7",
      "ts-node": "^10.9.1",
      "typescript": "^5.0.4"
    }
  }

yarn manifest: 
  No manifest

Lockfile: 
  No lockfile
